0 verbose cli /usr/local/bin/node /usr/local/bin/npm
1 info using npm@10.2.4
2 info using node@v20.11.0
3 timing npm:load:whichnode Completed in 1ms
4 timing config:load:defaults Completed in 2ms
5 timing config:load:file:/usr/local/lib/node_modules/npm/npmrc Completed in 1ms
6 timing config:load:builtin Completed in 1ms
7 timing config:load:cli Completed in 1ms
8 timing config:load:env Completed in 0ms
9 timing config:load:project Completed in 1ms
10 timing config:load:file:/home/node/app/.npmrc Completed in 0ms
11 timing config:load:user Completed in 0ms
12 timing config:load:file:/usr/local/etc/npmrc Completed in 0ms
13 timing config:load:global Completed in 0ms
14 timing config:load:setEnvs Completed in 1ms
15 timing config:load Completed in 6ms
16 timing npm:load:configload Completed in 6ms
17 timing config:load:flatten Completed in 1ms
18 timing npm:load:mkdirpcache Completed in 0ms
19 timing npm:load:mkdirplogs Completed in 0ms
20 verbose title npm install
21 verbose argv "install"
22 timing npm:load:setTitle Completed in 0ms
23 timing npm:load:display Completed in 1ms
24 verbose logfile logs-max:10 dir:/home/node/app/.npm/_logs/2024-01-22T18_19_15_300Z-
25 verbose logfile /home/node/app/.npm/_logs/2024-01-22T18_19_15_300Z-debug-0.log
26 timing npm:load:logFile Completed in 8ms
27 timing npm:load:timers Completed in 0ms
28 timing npm:load:configScope Completed in 0ms
29 timing npm:load Completed in 25ms
30 timing arborist:ctor Completed in 1ms
31 silly logfile done cleaning log files
32 timing arborist:ctor Completed in 0ms
33 timing idealTree:init Completed in 8ms
34 timing idealTree:userRequests Completed in 0ms
35 silly idealTree buildDeps
36 silly fetch manifest express@^4.17.1
37 http fetch GET 200 https://registry.npmjs.org/express 96ms (cache miss)
38 silly fetch manifest nodemon@^2.0.2
39 http fetch GET 200 https://registry.npmjs.org/npm 176ms (cache miss)
40 http fetch GET 200 https://registry.npmjs.org/nodemon 51ms (cache miss)
41 silly placeDep ROOT express@4.18.2 OK for: hello-world@1.0.0 want: ^4.17.1
42 silly fetch manifest accepts@~1.3.8
43 silly fetch manifest array-flatten@1.1.1
44 silly fetch manifest body-parser@1.20.1
45 silly fetch manifest content-disposition@0.5.4
46 silly fetch manifest content-type@~1.0.4
47 silly fetch manifest cookie@0.5.0
48 silly fetch manifest cookie-signature@1.0.6
49 silly fetch manifest debug@2.6.9
50 silly fetch manifest depd@2.0.0
51 silly fetch manifest encodeurl@~1.0.2
52 silly fetch manifest escape-html@~1.0.3
53 silly fetch manifest etag@~1.8.1
54 silly fetch manifest finalhandler@1.2.0
55 silly fetch manifest fresh@0.5.2
56 silly fetch manifest http-errors@2.0.0
57 silly fetch manifest merge-descriptors@1.0.1
58 silly fetch manifest methods@~1.1.2
59 silly fetch manifest on-finished@2.4.1
60 silly fetch manifest parseurl@~1.3.3
61 silly fetch manifest path-to-regexp@0.1.7
62 silly fetch manifest proxy-addr@~2.0.7
63 silly fetch manifest qs@6.11.0
64 silly fetch manifest range-parser@~1.2.1
65 silly fetch manifest safe-buffer@5.2.1
66 silly fetch manifest send@0.18.0
67 silly fetch manifest serve-static@1.15.0
68 silly fetch manifest setprototypeof@1.2.0
69 silly fetch manifest statuses@2.0.1
70 silly fetch manifest type-is@~1.6.18
71 silly fetch manifest utils-merge@1.0.1
72 silly fetch manifest vary@~1.1.2
73 silly placeDep ROOT nodemon@2.0.22 OK for: hello-world@1.0.0 want: ^2.0.2
74 silly fetch manifest chokidar@^3.5.2
75 silly fetch manifest debug@^3.2.7
76 silly fetch manifest ignore-by-default@^1.0.1
77 silly fetch manifest minimatch@^3.1.2
78 silly fetch manifest pstree.remy@^1.1.8
79 silly fetch manifest semver@^5.7.1
80 silly fetch manifest simple-update-notifier@^1.0.7
81 silly fetch manifest supports-color@^5.5.0
82 silly fetch manifest touch@^3.1.0
83 silly fetch manifest undefsafe@^2.0.5
84 http fetch GET 200 https://registry.npmjs.org/array-flatten 141ms (cache miss)
85 http fetch GET 200 https://registry.npmjs.org/accepts 143ms (cache miss)
86 http fetch GET 200 https://registry.npmjs.org/encodeurl 189ms (cache miss)
87 http fetch GET 200 https://registry.npmjs.org/content-disposition 205ms (cache miss)
88 http fetch GET 200 https://registry.npmjs.org/proxy-addr 216ms (cache miss)
89 http fetch GET 200 https://registry.npmjs.org/merge-descriptors 241ms (cache miss)
90 http fetch GET 200 https://registry.npmjs.org/content-type 247ms (cache miss)
91 http fetch GET 200 https://registry.npmjs.org/setprototypeof 239ms (cache miss)
92 http fetch GET 200 https://registry.npmjs.org/range-parser 244ms (cache miss)
93 http fetch GET 200 https://registry.npmjs.org/safe-buffer 245ms (cache miss)
94 http fetch GET 200 https://registry.npmjs.org/statuses 244ms (cache miss)
95 http fetch GET 200 https://registry.npmjs.org/on-finished 252ms (cache miss)
96 http fetch GET 200 https://registry.npmjs.org/etag 258ms (cache miss)
97 http fetch GET 200 https://registry.npmjs.org/finalhandler 259ms (cache miss)
98 http fetch GET 200 https://registry.npmjs.org/methods 259ms (cache miss)
99 http fetch GET 200 https://registry.npmjs.org/depd 262ms (cache miss)
100 http fetch GET 200 https://registry.npmjs.org/undefsafe 247ms (cache miss)
101 http fetch GET 200 https://registry.npmjs.org/ignore-by-default 250ms (cache miss)
102 http fetch GET 200 https://registry.npmjs.org/touch 249ms (cache miss)
103 http fetch GET 200 https://registry.npmjs.org/escape-html 265ms (cache miss)
104 http fetch GET 200 https://registry.npmjs.org/cookie-signature 268ms (cache miss)
105 http fetch GET 200 https://registry.npmjs.org/parseurl 265ms (cache miss)
106 http fetch GET 200 https://registry.npmjs.org/pstree.remy 255ms (cache miss)
107 http fetch GET 200 https://registry.npmjs.org/fresh 269ms (cache miss)
108 http fetch GET 200 https://registry.npmjs.org/cookie 273ms (cache miss)
109 http fetch GET 200 https://registry.npmjs.org/type-is 260ms (cache miss)
110 http fetch GET 200 https://registry.npmjs.org/utils-merge 262ms (cache miss)
111 http fetch GET 200 https://registry.npmjs.org/serve-static 265ms (cache miss)
112 http fetch GET 200 https://registry.npmjs.org/send 268ms (cache miss)
113 http fetch GET 200 https://registry.npmjs.org/vary 267ms (cache miss)
114 http fetch GET 200 https://registry.npmjs.org/debug 280ms (cache miss)
115 http fetch GET 200 https://registry.npmjs.org/debug 267ms (cache miss)
116 http fetch GET 200 https://registry.npmjs.org/path-to-regexp 278ms (cache miss)
117 http fetch GET 200 https://registry.npmjs.org/body-parser 286ms (cache miss)
118 http fetch GET 200 https://registry.npmjs.org/supports-color 270ms (cache miss)
119 http fetch GET 200 https://registry.npmjs.org/http-errors 285ms (cache miss)
120 http fetch GET 200 https://registry.npmjs.org/simple-update-notifier 273ms (cache miss)
121 http fetch GET 200 https://registry.npmjs.org/chokidar 276ms (cache miss)
122 http fetch GET 200 https://registry.npmjs.org/qs 286ms (cache miss)
123 http fetch GET 200 https://registry.npmjs.org/semver 277ms (cache miss)
124 http fetch GET 200 https://registry.npmjs.org/minimatch 281ms (cache miss)
125 timing idealTree:#root Completed in 462ms
126 silly placeDep ROOT accepts@1.3.8 OK for: express@4.18.2 want: ~1.3.8
127 silly fetch manifest mime-types@~2.1.34
128 silly fetch manifest negotiator@0.6.3
129 silly placeDep ROOT array-flatten@1.1.1 OK for: express@4.18.2 want: 1.1.1
130 silly placeDep ROOT body-parser@1.20.1 OK for: express@4.18.2 want: 1.20.1
131 silly fetch manifest bytes@3.1.2
132 silly fetch manifest destroy@1.2.0
133 silly fetch manifest iconv-lite@0.4.24
134 silly fetch manifest raw-body@2.5.1
135 silly fetch manifest unpipe@1.0.0
136 silly placeDep ROOT content-disposition@0.5.4 OK for: express@4.18.2 want: 0.5.4
137 silly placeDep ROOT content-type@1.0.5 OK for: express@4.18.2 want: ~1.0.4
138 silly placeDep ROOT cookie@0.5.0 OK for: express@4.18.2 want: 0.5.0
139 silly placeDep ROOT cookie-signature@1.0.6 OK for: express@4.18.2 want: 1.0.6
140 silly placeDep ROOT debug@2.6.9 OK for: express@4.18.2 want: 2.6.9
141 silly fetch manifest ms@2.0.0
142 silly placeDep ROOT depd@2.0.0 OK for: express@4.18.2 want: 2.0.0
143 silly placeDep ROOT encodeurl@1.0.2 OK for: express@4.18.2 want: ~1.0.2
144 silly placeDep ROOT escape-html@1.0.3 OK for: express@4.18.2 want: ~1.0.3
145 silly placeDep ROOT etag@1.8.1 OK for: express@4.18.2 want: ~1.8.1
146 silly placeDep ROOT finalhandler@1.2.0 OK for: express@4.18.2 want: 1.2.0
147 silly fetch manifest unpipe@~1.0.0
148 silly placeDep ROOT fresh@0.5.2 OK for: express@4.18.2 want: 0.5.2
149 silly placeDep ROOT http-errors@2.0.0 OK for: express@4.18.2 want: 2.0.0
150 silly fetch manifest inherits@2.0.4
151 silly fetch manifest toidentifier@1.0.1
152 silly placeDep ROOT merge-descriptors@1.0.1 OK for: express@4.18.2 want: 1.0.1
153 silly placeDep ROOT methods@1.1.2 OK for: express@4.18.2 want: ~1.1.2
154 silly placeDep ROOT on-finished@2.4.1 OK for: express@4.18.2 want: 2.4.1
155 silly fetch manifest ee-first@1.1.1
156 silly placeDep ROOT parseurl@1.3.3 OK for: express@4.18.2 want: ~1.3.3
157 silly placeDep ROOT path-to-regexp@0.1.7 OK for: express@4.18.2 want: 0.1.7
158 silly placeDep ROOT proxy-addr@2.0.7 OK for: express@4.18.2 want: ~2.0.7
159 silly fetch manifest forwarded@0.2.0
160 silly fetch manifest ipaddr.js@1.9.1
161 silly placeDep ROOT qs@6.11.0 OK for: express@4.18.2 want: 6.11.0
162 silly fetch manifest side-channel@^1.0.4
163 silly placeDep ROOT range-parser@1.2.1 OK for: express@4.18.2 want: ~1.2.1
164 silly placeDep ROOT safe-buffer@5.2.1 OK for: express@4.18.2 want: 5.2.1
165 silly placeDep ROOT send@0.18.0 OK for: express@4.18.2 want: 0.18.0
166 silly fetch manifest mime@1.6.0
167 silly fetch manifest ms@2.1.3
168 silly placeDep ROOT serve-static@1.15.0 OK for: express@4.18.2 want: 1.15.0
169 silly placeDep ROOT setprototypeof@1.2.0 OK for: express@4.18.2 want: 1.2.0
170 silly placeDep ROOT statuses@2.0.1 OK for: express@4.18.2 want: 2.0.1
171 silly placeDep ROOT type-is@1.6.18 OK for: express@4.18.2 want: ~1.6.18
172 silly fetch manifest media-typer@0.3.0
173 silly fetch manifest mime-types@~2.1.24
174 silly placeDep ROOT utils-merge@1.0.1 OK for: express@4.18.2 want: 1.0.1
175 silly placeDep ROOT vary@1.1.2 OK for: express@4.18.2 want: ~1.1.2
176 http fetch GET 200 https://registry.npmjs.org/unpipe 59ms (cache miss)
177 http fetch GET 200 https://registry.npmjs.org/mime 52ms (cache miss)
178 http fetch GET 200 https://registry.npmjs.org/destroy 80ms (cache miss)
179 http fetch GET 200 https://registry.npmjs.org/unpipe 96ms (cache miss)
180 http fetch GET 200 https://registry.npmjs.org/negotiator 106ms (cache miss)
181 http fetch GET 200 https://registry.npmjs.org/inherits 96ms (cache miss)
182 http fetch GET 200 https://registry.npmjs.org/ee-first 92ms (cache miss)
183 http fetch GET 200 https://registry.npmjs.org/raw-body 107ms (cache miss)
184 http fetch GET 200 https://registry.npmjs.org/iconv-lite 110ms (cache miss)
185 http fetch GET 200 https://registry.npmjs.org/ms 106ms (cache miss)
186 http fetch GET 200 https://registry.npmjs.org/bytes 113ms (cache miss)
187 http fetch GET 200 https://registry.npmjs.org/ipaddr.js 98ms (cache miss)
188 http fetch GET 200 https://registry.npmjs.org/mime-types 94ms (cache miss)
189 http fetch GET 200 https://registry.npmjs.org/side-channel 102ms (cache miss)
190 http fetch GET 200 https://registry.npmjs.org/mime-types 124ms (cache miss)
191 http fetch GET 200 https://registry.npmjs.org/media-typer 101ms (cache miss)
192 http fetch GET 200 https://registry.npmjs.org/ms 106ms (cache miss)
193 http fetch GET 200 https://registry.npmjs.org/forwarded 122ms (cache miss)
194 http fetch GET 200 https://registry.npmjs.org/toidentifier 135ms (cache miss)
195 timing idealTree:node_modules/express Completed in 159ms
196 silly placeDep ROOT mime-types@2.1.35 OK for: accepts@1.3.8 want: ~2.1.34
197 silly fetch manifest mime-db@1.52.0
198 silly placeDep ROOT negotiator@0.6.3 OK for: accepts@1.3.8 want: 0.6.3
199 http fetch GET 200 https://registry.npmjs.org/mime-db 41ms (cache miss)
200 timing idealTree:node_modules/accepts Completed in 44ms
201 timing idealTree:node_modules/array-flatten Completed in 0ms
202 silly placeDep ROOT bytes@3.1.2 OK for: body-parser@1.20.1 want: 3.1.2
203 silly placeDep ROOT destroy@1.2.0 OK for: body-parser@1.20.1 want: 1.2.0
204 silly placeDep ROOT iconv-lite@0.4.24 OK for: body-parser@1.20.1 want: 0.4.24
205 silly fetch manifest safer-buffer@>= 2.1.2 < 3
206 silly placeDep ROOT raw-body@2.5.1 OK for: body-parser@1.20.1 want: 2.5.1
207 silly placeDep ROOT unpipe@1.0.0 OK for: body-parser@1.20.1 want: 1.0.0
208 http fetch GET 200 https://registry.npmjs.org/safer-buffer 58ms (cache miss)
209 timing idealTree:node_modules/body-parser Completed in 62ms
210 timing idealTree:node_modules/bytes Completed in 0ms
211 timing idealTree:node_modules/content-disposition Completed in 0ms
212 timing idealTree:node_modules/content-type Completed in 0ms
213 timing idealTree:node_modules/cookie Completed in 0ms
214 timing idealTree:node_modules/cookie-signature Completed in 0ms
215 silly placeDep ROOT ms@2.0.0 OK for: debug@2.6.9 want: 2.0.0
216 timing idealTree:node_modules/debug Completed in 1ms
217 timing idealTree:node_modules/depd Completed in 1ms
218 timing idealTree:node_modules/destroy Completed in 0ms
219 timing idealTree:node_modules/encodeurl Completed in 0ms
220 timing idealTree:node_modules/escape-html Completed in 0ms
221 timing idealTree:node_modules/etag Completed in 0ms
222 timing idealTree:node_modules/finalhandler Completed in 0ms
223 timing idealTree:node_modules/fresh Completed in 0ms
224 silly placeDep ROOT inherits@2.0.4 OK for: http-errors@2.0.0 want: 2.0.4
225 silly placeDep ROOT toidentifier@1.0.1 OK for: http-errors@2.0.0 want: 1.0.1
226 timing idealTree:node_modules/http-errors Completed in 1ms
227 silly placeDep ROOT safer-buffer@2.1.2 OK for: iconv-lite@0.4.24 want: >= 2.1.2 < 3
228 timing idealTree:node_modules/iconv-lite Completed in 0ms
229 timing idealTree:node_modules/inherits Completed in 0ms
230 timing idealTree:node_modules/merge-descriptors Completed in 0ms
231 timing idealTree:node_modules/methods Completed in 0ms
232 silly placeDep ROOT mime-db@1.52.0 OK for: mime-types@2.1.35 want: 1.52.0
233 timing idealTree:node_modules/mime-types Completed in 1ms
234 timing idealTree:node_modules/mime-db Completed in 0ms
235 timing idealTree:node_modules/ms Completed in 0ms
236 timing idealTree:node_modules/negotiator Completed in 0ms
237 silly placeDep ROOT chokidar@3.5.3 OK for: nodemon@2.0.22 want: ^3.5.2
238 silly fetch manifest anymatch@~3.1.2
239 silly fetch manifest braces@~3.0.2
240 silly fetch manifest glob-parent@~5.1.2
241 silly fetch manifest is-binary-path@~2.1.0
242 silly fetch manifest is-glob@~4.0.1
243 silly fetch manifest normalize-path@~3.0.0
244 silly fetch manifest readdirp@~3.6.0
245 silly fetch manifest fsevents@~2.3.2
246 silly placeDep node_modules/nodemon debug@3.2.7 OK for: nodemon@2.0.22 want: ^3.2.7
247 silly fetch manifest ms@^2.1.1
248 silly placeDep ROOT ignore-by-default@1.0.1 OK for: nodemon@2.0.22 want: ^1.0.1
249 silly placeDep ROOT minimatch@3.1.2 OK for: nodemon@2.0.22 want: ^3.1.2
250 silly fetch manifest brace-expansion@^1.1.7
251 silly placeDep ROOT pstree.remy@1.1.8 OK for: nodemon@2.0.22 want: ^1.1.8
252 silly placeDep ROOT semver@5.7.2 OK for: nodemon@2.0.22 want: ^5.7.1
253 silly placeDep ROOT simple-update-notifier@1.1.0 OK for: nodemon@2.0.22 want: ^1.0.7
254 silly fetch manifest semver@~7.0.0
255 silly placeDep ROOT supports-color@5.5.0 OK for: nodemon@2.0.22 want: ^5.5.0
256 silly fetch manifest has-flag@^3.0.0
257 silly placeDep ROOT touch@3.1.0 OK for: nodemon@2.0.22 want: ^3.1.0
258 silly fetch manifest nopt@~1.0.10
259 silly placeDep ROOT undefsafe@2.0.5 OK for: nodemon@2.0.22 want: ^2.0.5
260 http fetch GET 200 https://registry.npmjs.org/is-binary-path 49ms (cache miss)
261 http fetch GET 200 https://registry.npmjs.org/normalize-path 52ms (cache miss)
262 http fetch GET 200 https://registry.npmjs.org/is-glob 54ms (cache miss)
263 http fetch GET 200 https://registry.npmjs.org/brace-expansion 50ms (cache miss)
264 http fetch GET 200 https://registry.npmjs.org/has-flag 52ms (cache miss)
265 http fetch GET 200 https://registry.npmjs.org/anymatch 65ms (cache miss)
266 http fetch GET 200 https://registry.npmjs.org/readdirp 69ms (cache miss)
267 http fetch GET 200 https://registry.npmjs.org/nopt 67ms (cache miss)
268 http fetch GET 200 https://registry.npmjs.org/braces 80ms (cache miss)
269 http fetch GET 200 https://registry.npmjs.org/glob-parent 82ms (cache miss)
270 http fetch GET 200 https://registry.npmjs.org/fsevents 81ms (cache miss)
271 timing idealTree:node_modules/nodemon Completed in 89ms
272 silly placeDep ROOT anymatch@3.1.3 OK for: chokidar@3.5.3 want: ~3.1.2
273 silly fetch manifest normalize-path@^3.0.0
274 silly fetch manifest picomatch@^2.0.4
275 silly placeDep ROOT braces@3.0.2 OK for: chokidar@3.5.3 want: ~3.0.2
276 silly fetch manifest fill-range@^7.0.1
277 silly placeDep ROOT fsevents@2.3.3 OK for: chokidar@3.5.3 want: ~2.3.2
278 silly placeDep ROOT glob-parent@5.1.2 OK for: chokidar@3.5.3 want: ~5.1.2
279 silly fetch manifest is-glob@^4.0.1
280 silly placeDep ROOT is-binary-path@2.1.0 OK for: chokidar@3.5.3 want: ~2.1.0
281 silly fetch manifest binary-extensions@^2.0.0
282 silly placeDep ROOT is-glob@4.0.3 OK for: chokidar@3.5.3 want: ~4.0.1
283 silly fetch manifest is-extglob@^2.1.1
284 silly placeDep ROOT normalize-path@3.0.0 OK for: chokidar@3.5.3 want: ~3.0.0
285 silly placeDep ROOT readdirp@3.6.0 OK for: chokidar@3.5.3 want: ~3.6.0
286 silly fetch manifest picomatch@^2.2.1
287 http fetch GET 200 https://registry.npmjs.org/is-extglob 38ms (cache miss)
288 http fetch GET 200 https://registry.npmjs.org/picomatch 45ms (cache miss)
289 http fetch GET 200 https://registry.npmjs.org/picomatch 47ms (cache miss)
290 http fetch GET 200 https://registry.npmjs.org/binary-extensions 56ms (cache miss)
291 http fetch GET 200 https://registry.npmjs.org/fill-range 61ms (cache miss)
292 timing idealTree:node_modules/chokidar Completed in 66ms
293 silly placeDep ROOT picomatch@2.3.1 OK for: anymatch@3.1.3 want: ^2.0.4
294 timing idealTree:node_modules/anymatch Completed in 1ms
295 silly placeDep ROOT fill-range@7.0.1 OK for: braces@3.0.2 want: ^7.0.1
296 silly fetch manifest to-regex-range@^5.0.1
297 http fetch GET 200 https://registry.npmjs.org/to-regex-range 42ms (cache miss)
298 timing idealTree:node_modules/braces Completed in 44ms
299 silly placeDep ROOT to-regex-range@5.0.1 OK for: fill-range@7.0.1 want: ^5.0.1
300 silly fetch manifest is-number@^7.0.0
301 http fetch GET 200 https://registry.npmjs.org/is-number 40ms (cache miss)
302 timing idealTree:node_modules/fill-range Completed in 42ms
303 timing idealTree:node_modules/fsevents Completed in 0ms
304 timing idealTree:node_modules/glob-parent Completed in 0ms
305 timing idealTree:node_modules/ignore-by-default Completed in 0ms
306 silly placeDep ROOT binary-extensions@2.2.0 OK for: is-binary-path@2.1.0 want: ^2.0.0
307 timing idealTree:node_modules/is-binary-path Completed in 1ms
308 timing idealTree:node_modules/binary-extensions Completed in 0ms
309 silly placeDep ROOT is-extglob@2.1.1 OK for: is-glob@4.0.3 want: ^2.1.1
310 timing idealTree:node_modules/is-glob Completed in 0ms
311 timing idealTree:node_modules/is-extglob Completed in 0ms
312 silly placeDep ROOT brace-expansion@1.1.11 OK for: minimatch@3.1.2 want: ^1.1.7
313 silly fetch manifest balanced-match@^1.0.0
314 silly fetch manifest concat-map@0.0.1
315 http fetch GET 200 https://registry.npmjs.org/concat-map 34ms (cache miss)
316 http fetch GET 200 https://registry.npmjs.org/balanced-match 49ms (cache miss)
317 timing idealTree:node_modules/minimatch Completed in 50ms
318 silly placeDep ROOT balanced-match@1.0.2 OK for: brace-expansion@1.1.11 want: ^1.0.0
319 silly placeDep ROOT concat-map@0.0.1 OK for: brace-expansion@1.1.11 want: 0.0.1
320 timing idealTree:node_modules/brace-expansion Completed in 2ms
321 timing idealTree:node_modules/balanced-match Completed in 0ms
322 timing idealTree:node_modules/concat-map Completed in 0ms
323 timing idealTree:node_modules/normalize-path Completed in 0ms
324 silly placeDep ROOT ee-first@1.1.1 OK for: on-finished@2.4.1 want: 1.1.1
325 timing idealTree:node_modules/on-finished Completed in 1ms
326 timing idealTree:node_modules/ee-first Completed in 0ms
327 timing idealTree:node_modules/parseurl Completed in 0ms
328 timing idealTree:node_modules/path-to-regexp Completed in 0ms
329 timing idealTree:node_modules/picomatch Completed in 0ms
330 silly placeDep ROOT forwarded@0.2.0 OK for: proxy-addr@2.0.7 want: 0.2.0
331 silly placeDep ROOT ipaddr.js@1.9.1 OK for: proxy-addr@2.0.7 want: 1.9.1
332 timing idealTree:node_modules/proxy-addr Completed in 2ms
333 timing idealTree:node_modules/forwarded Completed in 0ms
334 timing idealTree:node_modules/ipaddr.js Completed in 0ms
335 timing idealTree:node_modules/pstree.remy Completed in 0ms
336 silly placeDep ROOT side-channel@1.0.4 OK for: qs@6.11.0 want: ^1.0.4
337 silly fetch manifest call-bind@^1.0.0
338 silly fetch manifest get-intrinsic@^1.0.2
339 silly fetch manifest object-inspect@^1.9.0
340 http fetch GET 200 https://registry.npmjs.org/object-inspect 43ms (cache miss)
341 http fetch GET 200 https://registry.npmjs.org/call-bind 50ms (cache miss)
342 http fetch GET 200 https://registry.npmjs.org/get-intrinsic 75ms (cache miss)
343 timing idealTree:node_modules/qs Completed in 76ms
344 timing idealTree:node_modules/range-parser Completed in 0ms
345 timing idealTree:node_modules/raw-body Completed in 0ms
346 timing idealTree:node_modules/readdirp Completed in 0ms
347 timing idealTree:node_modules/safe-buffer Completed in 0ms
348 timing idealTree:node_modules/safer-buffer Completed in 0ms
349 timing idealTree:node_modules/semver Completed in 0ms
350 silly placeDep ROOT mime@1.6.0 OK for: send@0.18.0 want: 1.6.0
351 silly placeDep node_modules/send ms@2.1.3 OK for: send@0.18.0 want: 2.1.3
352 timing idealTree:node_modules/send Completed in 2ms
353 timing idealTree:node_modules/mime Completed in 0ms
354 timing idealTree:node_modules/serve-static Completed in 0ms
355 timing idealTree:node_modules/setprototypeof Completed in 0ms
356 silly placeDep ROOT call-bind@1.0.5 OK for: side-channel@1.0.4 want: ^1.0.0
357 silly fetch manifest function-bind@^1.1.2
358 silly fetch manifest get-intrinsic@^1.2.1
359 silly fetch manifest set-function-length@^1.1.1
360 silly placeDep ROOT get-intrinsic@1.2.2 OK for: side-channel@1.0.4 want: ^1.0.2
361 silly fetch manifest has-proto@^1.0.1
362 silly fetch manifest has-symbols@^1.0.3
363 silly fetch manifest hasown@^2.0.0
364 silly placeDep ROOT object-inspect@1.13.1 OK for: side-channel@1.0.4 want: ^1.9.0
365 http fetch GET 200 https://registry.npmjs.org/function-bind 40ms (cache miss)
366 http fetch GET 200 https://registry.npmjs.org/hasown 39ms (cache miss)
367 http fetch GET 200 https://registry.npmjs.org/has-symbols 40ms (cache miss)
368 http fetch GET 200 https://registry.npmjs.org/set-function-length 61ms (cache miss)
369 http fetch GET 200 https://registry.npmjs.org/has-proto 73ms (cache miss)
370 timing idealTree:node_modules/side-channel Completed in 77ms
371 silly placeDep ROOT function-bind@1.1.2 OK for: call-bind@1.0.5 want: ^1.1.2
372 silly placeDep ROOT set-function-length@1.2.0 OK for: call-bind@1.0.5 want: ^1.1.1
373 silly fetch manifest define-data-property@^1.1.1
374 silly fetch manifest gopd@^1.0.1
375 silly fetch manifest has-property-descriptors@^1.0.1
376 http fetch GET 200 https://registry.npmjs.org/has-property-descriptors 38ms (cache miss)
377 http fetch GET 200 https://registry.npmjs.org/gopd 50ms (cache miss)
378 http fetch GET 200 https://registry.npmjs.org/define-data-property 51ms (cache miss)
379 timing idealTree:node_modules/call-bind Completed in 53ms
380 timing idealTree:node_modules/function-bind Completed in 0ms
381 silly placeDep ROOT has-proto@1.0.1 OK for: get-intrinsic@1.2.2 want: ^1.0.1
382 silly placeDep ROOT has-symbols@1.0.3 OK for: get-intrinsic@1.2.2 want: ^1.0.3
383 silly placeDep ROOT hasown@2.0.0 OK for: get-intrinsic@1.2.2 want: ^2.0.0
384 timing idealTree:node_modules/get-intrinsic Completed in 2ms
385 timing idealTree:node_modules/has-proto Completed in 0ms
386 timing idealTree:node_modules/has-symbols Completed in 0ms
387 timing idealTree:node_modules/hasown Completed in 0ms
388 timing idealTree:node_modules/object-inspect Completed in 0ms
389 silly placeDep ROOT define-data-property@1.1.1 OK for: set-function-length@1.2.0 want: ^1.1.1
390 silly fetch manifest has-property-descriptors@^1.0.0
391 silly placeDep ROOT gopd@1.0.1 OK for: set-function-length@1.2.0 want: ^1.0.1
392 silly placeDep ROOT has-property-descriptors@1.0.1 OK for: set-function-length@1.2.0 want: ^1.0.1
393 timing idealTree:node_modules/set-function-length Completed in 2ms
394 timing idealTree:node_modules/define-data-property Completed in 0ms
395 timing idealTree:node_modules/gopd Completed in 0ms
396 timing idealTree:node_modules/has-property-descriptors Completed in 0ms
397 silly placeDep node_modules/simple-update-notifier semver@7.0.0 OK for: simple-update-notifier@1.1.0 want: ~7.0.0
398 timing idealTree:node_modules/simple-update-notifier Completed in 0ms
399 timing idealTree:node_modules/statuses Completed in 0ms
400 silly placeDep ROOT has-flag@3.0.0 OK for: supports-color@5.5.0 want: ^3.0.0
401 timing idealTree:node_modules/supports-color Completed in 0ms
402 timing idealTree:node_modules/has-flag Completed in 0ms
403 silly placeDep ROOT is-number@7.0.0 OK for: to-regex-range@5.0.1 want: ^7.0.0
404 timing idealTree:node_modules/to-regex-range Completed in 1ms
405 timing idealTree:node_modules/is-number Completed in 0ms
406 timing idealTree:node_modules/toidentifier Completed in 0ms
407 silly placeDep ROOT nopt@1.0.10 OK for: touch@3.1.0 want: ~1.0.10
408 silly fetch manifest abbrev@1
409 http fetch GET 200 https://registry.npmjs.org/abbrev 33ms (cache miss)
410 timing idealTree:node_modules/touch Completed in 36ms
411 silly placeDep ROOT abbrev@1.1.1 OK for: nopt@1.0.10 want: 1
412 timing idealTree:node_modules/nopt Completed in 0ms
413 timing idealTree:node_modules/abbrev Completed in 0ms
414 silly placeDep ROOT media-typer@0.3.0 OK for: type-is@1.6.18 want: 0.3.0
415 timing idealTree:node_modules/type-is Completed in 0ms
416 timing idealTree:node_modules/media-typer Completed in 0ms
417 timing idealTree:node_modules/undefsafe Completed in 0ms
418 timing idealTree:node_modules/unpipe Completed in 0ms
419 timing idealTree:node_modules/utils-merge Completed in 0ms
420 timing idealTree:node_modules/vary Completed in 0ms
421 silly placeDep node_modules/nodemon ms@2.1.3 OK for: debug@3.2.7 want: ^2.1.1
422 timing idealTree:node_modules/nodemon/node_modules/debug Completed in 1ms
423 timing idealTree:node_modules/nodemon/node_modules/ms Completed in 0ms
424 timing idealTree:node_modules/send/node_modules/ms Completed in 0ms
425 timing idealTree:node_modules/simple-update-notifier/node_modules/semver Completed in 0ms
426 timing idealTree:buildDeps Completed in 1289ms
427 timing idealTree:fixDepFlags Completed in 1ms
428 timing idealTree Completed in 1299ms
429 timing reify:loadTrees Completed in 1301ms
430 timing reify:diffTrees Completed in 1ms
431 silly reify moves {}
432 timing reify:retireShallow Completed in 1ms
433 timing reify:createSparse Completed in 41ms
434 timing reify:loadBundles Completed in 0ms
435 silly audit bulk request {
435 silly audit   express: [ '4.18.2' ],
435 silly audit   nodemon: [ '2.0.22' ],
435 silly audit   accepts: [ '1.3.8' ],
435 silly audit   'array-flatten': [ '1.1.1' ],
435 silly audit   'body-parser': [ '1.20.1' ],
435 silly audit   'content-disposition': [ '0.5.4' ],
435 silly audit   'content-type': [ '1.0.5' ],
435 silly audit   cookie: [ '0.5.0' ],
435 silly audit   'cookie-signature': [ '1.0.6' ],
435 silly audit   debug: [ '2.6.9', '3.2.7' ],
435 silly audit   depd: [ '2.0.0' ],
435 silly audit   encodeurl: [ '1.0.2' ],
435 silly audit   'escape-html': [ '1.0.3' ],
435 silly audit   etag: [ '1.8.1' ],
435 silly audit   finalhandler: [ '1.2.0' ],
435 silly audit   fresh: [ '0.5.2' ],
435 silly audit   'http-errors': [ '2.0.0' ],
435 silly audit   'merge-descriptors': [ '1.0.1' ],
435 silly audit   methods: [ '1.1.2' ],
435 silly audit   'on-finished': [ '2.4.1' ],
435 silly audit   parseurl: [ '1.3.3' ],
435 silly audit   'path-to-regexp': [ '0.1.7' ],
435 silly audit   'proxy-addr': [ '2.0.7' ],
435 silly audit   qs: [ '6.11.0' ],
435 silly audit   'range-parser': [ '1.2.1' ],
435 silly audit   'safe-buffer': [ '5.2.1' ],
435 silly audit   send: [ '0.18.0' ],
435 silly audit   'serve-static': [ '1.15.0' ],
435 silly audit   setprototypeof: [ '1.2.0' ],
435 silly audit   statuses: [ '2.0.1' ],
435 silly audit   'type-is': [ '1.6.18' ],
435 silly audit   'utils-merge': [ '1.0.1' ],
435 silly audit   vary: [ '1.1.2' ],
435 silly audit   'mime-types': [ '2.1.35' ],
435 silly audit   negotiator: [ '0.6.3' ],
435 silly audit   bytes: [ '3.1.2' ],
435 silly audit   destroy: [ '1.2.0' ],
435 silly audit   'iconv-lite': [ '0.4.24' ],
435 silly audit   'raw-body': [ '2.5.1' ],
435 silly audit   unpipe: [ '1.0.0' ],
435 silly audit   ms: [ '2.0.0', '2.1.3' ],
435 silly audit   inherits: [ '2.0.4' ],
435 silly audit   toidentifier: [ '1.0.1' ],
435 silly audit   'safer-buffer': [ '2.1.2' ],
435 silly audit   'mime-db': [ '1.52.0' ],
435 silly audit   chokidar: [ '3.5.3' ],
435 silly audit   'ignore-by-default': [ '1.0.1' ],
435 silly audit   minimatch: [ '3.1.2' ],
435 silly audit   'pstree.remy': [ '1.1.8' ],
435 silly audit   semver: [ '5.7.2', '7.0.0' ],
435 silly audit   'simple-update-notifier': [ '1.1.0' ],
435 silly audit   'supports-color': [ '5.5.0' ],
435 silly audit   touch: [ '3.1.0' ],
435 silly audit   undefsafe: [ '2.0.5' ],
435 silly audit   anymatch: [ '3.1.3' ],
435 silly audit   braces: [ '3.0.2' ],
435 silly audit   fsevents: [ '2.3.3' ],
435 silly audit   'glob-parent': [ '5.1.2' ],
435 silly audit   'is-binary-path': [ '2.1.0' ],
435 silly audit   'is-glob': [ '4.0.3' ],
435 silly audit   'normalize-path': [ '3.0.0' ],
435 silly audit   readdirp: [ '3.6.0' ],
435 silly audit   picomatch: [ '2.3.1' ],
435 silly audit   'fill-range': [ '7.0.1' ],
435 silly audit   'to-regex-range': [ '5.0.1' ],
435 silly audit   'binary-extensions': [ '2.2.0' ],
435 silly audit   'is-extglob': [ '2.1.1' ],
435 silly audit   'brace-expansion': [ '1.1.11' ],
435 silly audit   'balanced-match': [ '1.0.2' ],
435 silly audit   'concat-map': [ '0.0.1' ],
435 silly audit   'ee-first': [ '1.1.1' ],
435 silly audit   forwarded: [ '0.2.0' ],
435 silly audit   'ipaddr.js': [ '1.9.1' ],
435 silly audit   'side-channel': [ '1.0.4' ],
435 silly audit   mime: [ '1.6.0' ],
435 silly audit   'call-bind': [ '1.0.5' ],
435 silly audit   'get-intrinsic': [ '1.2.2' ],
435 silly audit   'object-inspect': [ '1.13.1' ],
435 silly audit   'function-bind': [ '1.1.2' ],
435 silly audit   'set-function-length': [ '1.2.0' ],
435 silly audit   'has-proto': [ '1.0.1' ],
435 silly audit   'has-symbols': [ '1.0.3' ],
435 silly audit   hasown: [ '2.0.0' ],
435 silly audit   'define-data-property': [ '1.1.1' ],
435 silly audit   gopd: [ '1.0.1' ],
435 silly audit   'has-property-descriptors': [ '1.0.1' ],
435 silly audit   'has-flag': [ '3.0.0' ],
435 silly audit   'is-number': [ '7.0.0' ],
435 silly audit   nopt: [ '1.0.10' ],
435 silly audit   abbrev: [ '1.1.1' ],
435 silly audit   'media-typer': [ '0.3.0' ]
435 silly audit }
436 verbose reify failed optional dependency /home/node/app/node_modules/fsevents
437 silly reify mark deleted [ '/home/node/app/node_modules/fsevents' ]
438 timing reifyNode:node_modules/fsevents Completed in 9ms
439 silly tarball no local data for gopd@https://registry.npmjs.org/gopd/-/gopd-1.0.1.tgz. Extracting by manifest.
440 silly tarball no local data for media-typer@https://registry.npmjs.org/media-typer/-/media-typer-0.3.0.tgz. Extracting by manifest.
441 silly tarball no local data for nopt@https://registry.npmjs.org/nopt/-/nopt-1.0.10.tgz. Extracting by manifest.
442 silly tarball no local data for abbrev@https://registry.npmjs.org/abbrev/-/abbrev-1.1.1.tgz. Extracting by manifest.
443 silly tarball no local data for hasown@https://registry.npmjs.org/hasown/-/hasown-2.0.0.tgz. Extracting by manifest.
444 silly tarball no local data for is-number@https://registry.npmjs.org/is-number/-/is-number-7.0.0.tgz. Extracting by manifest.
445 silly tarball no local data for has-flag@https://registry.npmjs.org/has-flag/-/has-flag-3.0.0.tgz. Extracting by manifest.
446 silly tarball no local data for define-data-property@https://registry.npmjs.org/define-data-property/-/define-data-property-1.1.1.tgz. Extracting by manifest.
447 silly tarball no local data for has-property-descriptors@https://registry.npmjs.org/has-property-descriptors/-/has-property-descriptors-1.0.1.tgz. Extracting by manifest.
448 silly tarball no local data for has-proto@https://registry.npmjs.org/has-proto/-/has-proto-1.0.1.tgz. Extracting by manifest.
449 silly tarball no local data for ipaddr.js@https://registry.npmjs.org/ipaddr.js/-/ipaddr.js-1.9.1.tgz. Extracting by manifest.
450 silly tarball no local data for has-symbols@https://registry.npmjs.org/has-symbols/-/has-symbols-1.0.3.tgz. Extracting by manifest.
451 silly tarball no local data for balanced-match@https://registry.npmjs.org/balanced-match/-/balanced-match-1.0.2.tgz. Extracting by manifest.
452 silly tarball no local data for anymatch@https://registry.npmjs.org/anymatch/-/anymatch-3.1.3.tgz. Extracting by manifest.
453 silly tarball no local data for set-function-length@https://registry.npmjs.org/set-function-length/-/set-function-length-1.2.0.tgz. Extracting by manifest.
454 silly tarball no local data for function-bind@https://registry.npmjs.org/function-bind/-/function-bind-1.1.2.tgz. Extracting by manifest.
455 silly tarball no local data for get-intrinsic@https://registry.npmjs.org/get-intrinsic/-/get-intrinsic-1.2.2.tgz. Extracting by manifest.
456 silly tarball no local data for call-bind@https://registry.npmjs.org/call-bind/-/call-bind-1.0.5.tgz. Extracting by manifest.
457 silly tarball no local data for object-inspect@https://registry.npmjs.org/object-inspect/-/object-inspect-1.13.1.tgz. Extracting by manifest.
458 silly tarball no local data for mime@https://registry.npmjs.org/mime/-/mime-1.6.0.tgz. Extracting by manifest.
459 silly tarball no local data for forwarded@https://registry.npmjs.org/forwarded/-/forwarded-0.2.0.tgz. Extracting by manifest.
460 silly tarball no local data for is-extglob@https://registry.npmjs.org/is-extglob/-/is-extglob-2.1.1.tgz. Extracting by manifest.
461 silly tarball no local data for brace-expansion@https://registry.npmjs.org/brace-expansion/-/brace-expansion-1.1.11.tgz. Extracting by manifest.
462 silly tarball no local data for fill-range@https://registry.npmjs.org/fill-range/-/fill-range-7.0.1.tgz. Extracting by manifest.
463 silly tarball no local data for to-regex-range@https://registry.npmjs.org/to-regex-range/-/to-regex-range-5.0.1.tgz. Extracting by manifest.
464 silly tarball no local data for picomatch@https://registry.npmjs.org/picomatch/-/picomatch-2.3.1.tgz. Extracting by manifest.
465 silly tarball no local data for ee-first@https://registry.npmjs.org/ee-first/-/ee-first-1.1.1.tgz. Extracting by manifest.
466 silly tarball no local data for binary-extensions@https://registry.npmjs.org/binary-extensions/-/binary-extensions-2.2.0.tgz. Extracting by manifest.
467 silly tarball no local data for side-channel@https://registry.npmjs.org/side-channel/-/side-channel-1.0.4.tgz. Extracting by manifest.
468 silly tarball no local data for concat-map@https://registry.npmjs.org/concat-map/-/concat-map-0.0.1.tgz. Extracting by manifest.
469 silly tarball no local data for readdirp@https://registry.npmjs.org/readdirp/-/readdirp-3.6.0.tgz. Extracting by manifest.
470 silly tarball no local data for normalize-path@https://registry.npmjs.org/normalize-path/-/normalize-path-3.0.0.tgz. Extracting by manifest.
471 silly tarball no local data for is-glob@https://registry.npmjs.org/is-glob/-/is-glob-4.0.3.tgz. Extracting by manifest.
472 silly tarball no local data for is-binary-path@https://registry.npmjs.org/is-binary-path/-/is-binary-path-2.1.0.tgz. Extracting by manifest.
473 silly tarball no local data for undefsafe@https://registry.npmjs.org/undefsafe/-/undefsafe-2.0.5.tgz. Extracting by manifest.
474 silly tarball no local data for braces@https://registry.npmjs.org/braces/-/braces-3.0.2.tgz. Extracting by manifest.
475 silly tarball no local data for touch@https://registry.npmjs.org/touch/-/touch-3.1.0.tgz. Extracting by manifest.
476 silly tarball no local data for glob-parent@https://registry.npmjs.org/glob-parent/-/glob-parent-5.1.2.tgz. Extracting by manifest.
477 silly tarball no local data for supports-color@https://registry.npmjs.org/supports-color/-/supports-color-5.5.0.tgz. Extracting by manifest.
478 silly tarball no local data for simple-update-notifier@https://registry.npmjs.org/simple-update-notifier/-/simple-update-notifier-1.1.0.tgz. Extracting by manifest.
479 silly tarball no local data for parseurl@https://registry.npmjs.org/parseurl/-/parseurl-1.3.3.tgz. Extracting by manifest.
480 silly tarball no local data for serve-static@https://registry.npmjs.org/serve-static/-/serve-static-1.15.0.tgz. Extracting by manifest.
481 silly tarball no local data for finalhandler@https://registry.npmjs.org/finalhandler/-/finalhandler-1.2.0.tgz. Extracting by manifest.
482 silly tarball no local data for semver@https://registry.npmjs.org/semver/-/semver-5.7.2.tgz. Extracting by manifest.
483 silly tarball no local data for bytes@https://registry.npmjs.org/bytes/-/bytes-3.1.2.tgz. Extracting by manifest.
484 silly tarball no local data for cookie@https://registry.npmjs.org/cookie/-/cookie-0.5.0.tgz. Extracting by manifest.
485 silly tarball no local data for etag@https://registry.npmjs.org/etag/-/etag-1.8.1.tgz. Extracting by manifest.
486 silly tarball no local data for escape-html@https://registry.npmjs.org/escape-html/-/escape-html-1.0.3.tgz. Extracting by manifest.
487 silly tarball no local data for content-type@https://registry.npmjs.org/content-type/-/content-type-1.0.5.tgz. Extracting by manifest.
488 silly tarball no local data for content-disposition@https://registry.npmjs.org/content-disposition/-/content-disposition-0.5.4.tgz. Extracting by manifest.
489 silly tarball no local data for body-parser@https://registry.npmjs.org/body-parser/-/body-parser-1.20.1.tgz. Extracting by manifest.
490 silly tarball no local data for accepts@https://registry.npmjs.org/accepts/-/accepts-1.3.8.tgz. Extracting by manifest.
491 silly tarball no local data for array-flatten@https://registry.npmjs.org/array-flatten/-/array-flatten-1.1.1.tgz. Extracting by manifest.
492 silly tarball no local data for ms@https://registry.npmjs.org/ms/-/ms-2.1.3.tgz. Extracting by manifest.
493 silly tarball no local data for debug@https://registry.npmjs.org/debug/-/debug-2.6.9.tgz. Extracting by manifest.
494 silly tarball no local data for depd@https://registry.npmjs.org/depd/-/depd-2.0.0.tgz. Extracting by manifest.
495 silly tarball no local data for express@https://registry.npmjs.org/express/-/express-4.18.2.tgz. Extracting by manifest.
496 silly tarball no local data for pstree.remy@https://registry.npmjs.org/pstree.remy/-/pstree.remy-1.1.8.tgz. Extracting by manifest.
497 silly tarball no local data for ignore-by-default@https://registry.npmjs.org/ignore-by-default/-/ignore-by-default-1.0.1.tgz. Extracting by manifest.
498 silly tarball no local data for ms@https://registry.npmjs.org/ms/-/ms-2.1.3.tgz. Extracting by manifest.
499 silly tarball no local data for cookie-signature@https://registry.npmjs.org/cookie-signature/-/cookie-signature-1.0.6.tgz. Extracting by manifest.
500 silly tarball no local data for encodeurl@https://registry.npmjs.org/encodeurl/-/encodeurl-1.0.2.tgz. Extracting by manifest.
501 silly tarball no local data for nodemon@https://registry.npmjs.org/nodemon/-/nodemon-2.0.22.tgz. Extracting by manifest.
502 silly tarball no local data for minimatch@https://registry.npmjs.org/minimatch/-/minimatch-3.1.2.tgz. Extracting by manifest.
503 silly tarball no local data for chokidar@https://registry.npmjs.org/chokidar/-/chokidar-3.5.3.tgz. Extracting by manifest.
504 silly tarball no local data for mime-db@https://registry.npmjs.org/mime-db/-/mime-db-1.52.0.tgz. Extracting by manifest.
505 silly tarball no local data for safer-buffer@https://registry.npmjs.org/safer-buffer/-/safer-buffer-2.1.2.tgz. Extracting by manifest.
506 silly tarball no local data for ms@https://registry.npmjs.org/ms/-/ms-2.0.0.tgz. Extracting by manifest.
507 silly tarball no local data for toidentifier@https://registry.npmjs.org/toidentifier/-/toidentifier-1.0.1.tgz. Extracting by manifest.
508 silly tarball no local data for raw-body@https://registry.npmjs.org/raw-body/-/raw-body-2.5.1.tgz. Extracting by manifest.
509 silly tarball no local data for unpipe@https://registry.npmjs.org/unpipe/-/unpipe-1.0.0.tgz. Extracting by manifest.
510 silly tarball no local data for inherits@https://registry.npmjs.org/inherits/-/inherits-2.0.4.tgz. Extracting by manifest.
511 silly tarball no local data for iconv-lite@https://registry.npmjs.org/iconv-lite/-/iconv-lite-0.4.24.tgz. Extracting by manifest.
512 silly tarball no local data for destroy@https://registry.npmjs.org/destroy/-/destroy-1.2.0.tgz. Extracting by manifest.
513 silly tarball no local data for mime-types@https://registry.npmjs.org/mime-types/-/mime-types-2.1.35.tgz. Extracting by manifest.
514 silly tarball no local data for negotiator@https://registry.npmjs.org/negotiator/-/negotiator-0.6.3.tgz. Extracting by manifest.
515 silly tarball no local data for type-is@https://registry.npmjs.org/type-is/-/type-is-1.6.18.tgz. Extracting by manifest.
516 silly tarball no local data for statuses@https://registry.npmjs.org/statuses/-/statuses-2.0.1.tgz. Extracting by manifest.
517 silly tarball no local data for safe-buffer@https://registry.npmjs.org/safe-buffer/-/safe-buffer-5.2.1.tgz. Extracting by manifest.
518 silly tarball no local data for utils-merge@https://registry.npmjs.org/utils-merge/-/utils-merge-1.0.1.tgz. Extracting by manifest.
519 silly tarball no local data for range-parser@https://registry.npmjs.org/range-parser/-/range-parser-1.2.1.tgz. Extracting by manifest.
520 silly tarball no local data for vary@https://registry.npmjs.org/vary/-/vary-1.1.2.tgz. Extracting by manifest.
521 silly tarball no local data for setprototypeof@https://registry.npmjs.org/setprototypeof/-/setprototypeof-1.2.0.tgz. Extracting by manifest.
522 silly tarball no local data for qs@https://registry.npmjs.org/qs/-/qs-6.11.0.tgz. Extracting by manifest.
523 silly tarball no local data for proxy-addr@https://registry.npmjs.org/proxy-addr/-/proxy-addr-2.0.7.tgz. Extracting by manifest.
524 silly tarball no local data for send@https://registry.npmjs.org/send/-/send-0.18.0.tgz. Extracting by manifest.
525 silly tarball no local data for methods@https://registry.npmjs.org/methods/-/methods-1.1.2.tgz. Extracting by manifest.
526 silly tarball no local data for on-finished@https://registry.npmjs.org/on-finished/-/on-finished-2.4.1.tgz. Extracting by manifest.
527 silly tarball no local data for path-to-regexp@https://registry.npmjs.org/path-to-regexp/-/path-to-regexp-0.1.7.tgz. Extracting by manifest.
528 silly tarball no local data for semver@https://registry.npmjs.org/semver/-/semver-7.0.0.tgz. Extracting by manifest.
529 silly tarball no local data for debug@https://registry.npmjs.org/debug/-/debug-3.2.7.tgz. Extracting by manifest.
530 silly tarball no local data for http-errors@https://registry.npmjs.org/http-errors/-/http-errors-2.0.0.tgz. Extracting by manifest.
531 silly tarball no local data for merge-descriptors@https://registry.npmjs.org/merge-descriptors/-/merge-descriptors-1.0.1.tgz. Extracting by manifest.
532 silly tarball no local data for fresh@https://registry.npmjs.org/fresh/-/fresh-0.5.2.tgz. Extracting by manifest.
533 http fetch GET 200 https://registry.npmjs.org/is-number/-/is-number-7.0.0.tgz 178ms (cache miss)
534 timing reifyNode:node_modules/is-number Completed in 203ms
535 http fetch GET 200 https://registry.npmjs.org/has-flag/-/has-flag-3.0.0.tgz 178ms (cache miss)
536 timing reifyNode:node_modules/has-flag Completed in 204ms
537 http fetch GET 200 https://registry.npmjs.org/abbrev/-/abbrev-1.1.1.tgz 194ms (cache miss)
538 timing reifyNode:node_modules/abbrev Completed in 251ms
539 http fetch GET 200 https://registry.npmjs.org/gopd/-/gopd-1.0.1.tgz 235ms (cache miss)
540 timing reifyNode:node_modules/gopd Completed in 253ms
541 http fetch GET 200 https://registry.npmjs.org/define-data-property/-/define-data-property-1.1.1.tgz 228ms (cache miss)
542 http fetch GET 200 https://registry.npmjs.org/has-property-descriptors/-/has-property-descriptors-1.0.1.tgz 289ms (cache miss)
543 timing reifyNode:node_modules/has-property-descriptors Completed in 318ms
544 http fetch GET 200 https://registry.npmjs.org/balanced-match/-/balanced-match-1.0.2.tgz 298ms (cache miss)
545 timing reifyNode:node_modules/balanced-match Completed in 334ms
546 timing reifyNode:node_modules/define-data-property Completed in 335ms
547 http fetch GET 200 https://registry.npmjs.org/media-typer/-/media-typer-0.3.0.tgz 323ms (cache miss)
548 timing reifyNode:node_modules/media-typer Completed in 343ms
549 http fetch GET 200 https://registry.npmjs.org/anymatch/-/anymatch-3.1.3.tgz 343ms (cache miss)
550 timing reifyNode:node_modules/anymatch Completed in 377ms
551 http fetch GET 200 https://registry.npmjs.org/has-proto/-/has-proto-1.0.1.tgz 371ms (cache miss)
552 timing reifyNode:node_modules/has-proto Completed in 400ms
553 http fetch GET 200 https://registry.npmjs.org/hasown/-/hasown-2.0.0.tgz 377ms (cache miss)
554 timing reifyNode:node_modules/hasown Completed in 403ms
555 http fetch POST 200 https://registry.npmjs.org/-/npm/v1/security/advisories/bulk 408ms
556 timing auditReport:getReport Completed in 412ms
557 silly audit report {
557 silly audit report   semver: [
557 silly audit report     {
557 silly audit report       id: 1095367,
557 silly audit report       url: 'https://github.com/advisories/GHSA-c2qf-rxjj-qqgw',
557 silly audit report       title: 'semver vulnerable to Regular Expression Denial of Service',
557 silly audit report       severity: 'moderate',
557 silly audit report       vulnerable_versions: '>=7.0.0 <7.5.2',
557 silly audit report       cwe: [Array],
557 silly audit report       cvss: [Object]
557 silly audit report     }
557 silly audit report   ]
557 silly audit report }
558 timing metavuln:packument:semver Completed in 1ms
559 timing metavuln:cache:get:security-advisory:semver:leVLOBH6L7kijYa3ZPoQW9c9DpHJTQ4x06h9XnsNdXXFEYuoiAk7QDdx6msC9K+vk8daIqdrHHiDZzPezh3uNg== Completed in 5ms
560 timing metavuln:load:security-advisory:semver:1095367 Completed in 3ms
561 http fetch GET 200 https://registry.npmjs.org/nopt/-/nopt-1.0.10.tgz 408ms (cache miss)
562 timing reifyNode:node_modules/nopt Completed in 430ms
563 http fetch GET 200 https://registry.npmjs.org/function-bind/-/function-bind-1.1.2.tgz 400ms (cache miss)
564 http fetch GET 200 https://registry.npmjs.org/forwarded/-/forwarded-0.2.0.tgz 403ms (cache miss)
565 timing reifyNode:node_modules/forwarded Completed in 445ms
566 timing reifyNode:node_modules/function-bind Completed in 446ms
567 http fetch GET 200 https://registry.npmjs.org/binary-extensions/-/binary-extensions-2.2.0.tgz 412ms (cache miss)
568 timing reifyNode:node_modules/binary-extensions Completed in 457ms
569 http fetch GET 200 https://registry.npmjs.org/ipaddr.js/-/ipaddr.js-1.9.1.tgz 429ms (cache miss)
570 timing reifyNode:node_modules/ipaddr.js Completed in 459ms
571 http fetch GET 200 https://registry.npmjs.org/is-extglob/-/is-extglob-2.1.1.tgz 419ms (cache miss)
572 timing reifyNode:node_modules/is-extglob Completed in 461ms
573 http fetch GET 200 https://registry.npmjs.org/concat-map/-/concat-map-0.0.1.tgz 419ms (cache miss)
574 timing reifyNode:node_modules/concat-map Completed in 464ms
575 http fetch GET 200 https://registry.npmjs.org/brace-expansion/-/brace-expansion-1.1.11.tgz 424ms (cache miss)
576 timing reifyNode:node_modules/brace-expansion Completed in 466ms
577 http fetch GET 200 https://registry.npmjs.org/ee-first/-/ee-first-1.1.1.tgz 424ms (cache miss)
578 timing reifyNode:node_modules/ee-first Completed in 468ms
579 http fetch GET 200 https://registry.npmjs.org/set-function-length/-/set-function-length-1.2.0.tgz 436ms (cache miss)
580 timing reifyNode:node_modules/set-function-length Completed in 473ms
581 http fetch GET 200 https://registry.npmjs.org/mime/-/mime-1.6.0.tgz 439ms (cache miss)
582 timing reifyNode:node_modules/mime Completed in 479ms
583 http fetch GET 200 https://registry.npmjs.org/fill-range/-/fill-range-7.0.1.tgz 450ms (cache miss)
584 timing reifyNode:node_modules/fill-range Completed in 494ms
585 http fetch GET 200 https://registry.npmjs.org/normalize-path/-/normalize-path-3.0.0.tgz 456ms (cache miss)
586 timing reifyNode:node_modules/normalize-path Completed in 503ms
587 http fetch GET 200 https://registry.npmjs.org/is-binary-path/-/is-binary-path-2.1.0.tgz 459ms (cache miss)
588 timing reifyNode:node_modules/is-binary-path Completed in 507ms
589 http fetch GET 200 https://registry.npmjs.org/has-symbols/-/has-symbols-1.0.3.tgz 484ms (cache miss)
590 timing reifyNode:node_modules/has-symbols Completed in 515ms
591 http fetch GET 200 https://registry.npmjs.org/undefsafe/-/undefsafe-2.0.5.tgz 477ms (cache miss)
592 timing reifyNode:node_modules/undefsafe Completed in 525ms
593 http fetch GET 200 https://registry.npmjs.org/ignore-by-default/-/ignore-by-default-1.0.1.tgz 466ms (cache miss)
594 timing reifyNode:node_modules/ignore-by-default Completed in 528ms
595 http fetch GET 200 https://registry.npmjs.org/finalhandler/-/finalhandler-1.2.0.tgz 478ms (cache miss)
596 timing reifyNode:node_modules/finalhandler Completed in 529ms
597 http fetch GET 200 https://registry.npmjs.org/to-regex-range/-/to-regex-range-5.0.1.tgz 490ms (cache miss)
598 timing reifyNode:node_modules/to-regex-range Completed in 532ms
599 http fetch GET 200 https://registry.npmjs.org/is-glob/-/is-glob-4.0.3.tgz 488ms (cache miss)
600 timing reifyNode:node_modules/is-glob Completed in 536ms
601 http fetch GET 200 https://registry.npmjs.org/supports-color/-/supports-color-5.5.0.tgz 486ms (cache miss)
602 timing reifyNode:node_modules/supports-color Completed in 536ms
603 http fetch GET 200 https://registry.npmjs.org/etag/-/etag-1.8.1.tgz 482ms (cache miss)
604 timing reifyNode:node_modules/etag Completed in 538ms
605 http fetch GET 200 https://registry.npmjs.org/glob-parent/-/glob-parent-5.1.2.tgz 493ms (cache miss)
606 timing reifyNode:node_modules/glob-parent Completed in 541ms
607 http fetch GET 200 https://registry.npmjs.org/content-type/-/content-type-1.0.5.tgz 484ms (cache miss)
608 timing reifyNode:node_modules/content-type Completed in 540ms
609 http fetch GET 200 https://registry.npmjs.org/touch/-/touch-3.1.0.tgz 496ms (cache miss)
610 timing reifyNode:node_modules/touch Completed in 543ms
611 http fetch GET 200 https://registry.npmjs.org/serve-static/-/serve-static-1.15.0.tgz 493ms (cache miss)
612 timing reifyNode:node_modules/serve-static Completed in 545ms
613 http fetch GET 200 https://registry.npmjs.org/accepts/-/accepts-1.3.8.tgz 490ms (cache miss)
614 timing reifyNode:node_modules/accepts Completed in 548ms
615 http fetch GET 200 https://registry.npmjs.org/readdirp/-/readdirp-3.6.0.tgz 510ms (cache miss)
616 timing reifyNode:node_modules/readdirp Completed in 555ms
617 http fetch GET 200 https://registry.npmjs.org/bytes/-/bytes-3.1.2.tgz 500ms (cache miss)
618 timing reifyNode:node_modules/bytes Completed in 555ms
619 http fetch GET 200 https://registry.npmjs.org/escape-html/-/escape-html-1.0.3.tgz 500ms (cache miss)
620 timing reifyNode:node_modules/escape-html Completed in 556ms
621 http fetch GET 200 https://registry.npmjs.org/parseurl/-/parseurl-1.3.3.tgz 508ms (cache miss)
622 timing reifyNode:node_modules/parseurl Completed in 559ms
623 http fetch GET 200 https://registry.npmjs.org/content-disposition/-/content-disposition-0.5.4.tgz 502ms (cache miss)
624 timing reifyNode:node_modules/content-disposition Completed in 559ms
625 http fetch GET 200 https://registry.npmjs.org/braces/-/braces-3.0.2.tgz 514ms (cache miss)
626 timing reifyNode:node_modules/braces Completed in 561ms
627 http fetch GET 200 https://registry.npmjs.org/toidentifier/-/toidentifier-1.0.1.tgz 495ms (cache miss)
628 timing reifyNode:node_modules/toidentifier Completed in 562ms
629 http fetch GET 200 https://registry.npmjs.org/call-bind/-/call-bind-1.0.5.tgz 526ms (cache miss)
630 timing reifyNode:node_modules/call-bind Completed in 566ms
631 http fetch GET 200 https://registry.npmjs.org/array-flatten/-/array-flatten-1.1.1.tgz 508ms (cache miss)
632 timing reifyNode:node_modules/array-flatten Completed in 565ms
633 http fetch GET 200 https://registry.npmjs.org/body-parser/-/body-parser-1.20.1.tgz 510ms (cache miss)
634 http fetch GET 200 https://registry.npmjs.org/cookie-signature/-/cookie-signature-1.0.6.tgz 506ms (cache miss)
635 timing reifyNode:node_modules/cookie-signature Completed in 567ms
636 http fetch GET 200 https://registry.npmjs.org/simple-update-notifier/-/simple-update-notifier-1.1.0.tgz 518ms (cache miss)
637 http fetch GET 200 https://registry.npmjs.org/mime-types/-/mime-types-2.1.35.tgz 491ms (cache miss)
638 timing reifyNode:node_modules/mime-types Completed in 570ms
639 http fetch GET 200 https://registry.npmjs.org/ms/-/ms-2.0.0.tgz 505ms (cache miss)
640 timing reifyNode:node_modules/ms Completed in 572ms
641 http fetch GET 200 https://registry.npmjs.org/ms/-/ms-2.1.3.tgz 512ms (cache miss)
642 timing reifyNode:node_modules/nodemon/node_modules/ms Completed in 573ms
643 http fetch GET 200 https://registry.npmjs.org/raw-body/-/raw-body-2.5.1.tgz 508ms (cache miss)
644 timing reifyNode:node_modules/raw-body Completed in 576ms
645 http fetch GET 200 https://registry.npmjs.org/unpipe/-/unpipe-1.0.0.tgz 509ms (cache miss)
646 timing reifyNode:node_modules/unpipe Completed in 578ms
647 http fetch GET 200 https://registry.npmjs.org/side-channel/-/side-channel-1.0.4.tgz 537ms (cache miss)
648 timing reifyNode:node_modules/side-channel Completed in 582ms
649 timing reifyNode:node_modules/simple-update-notifier Completed in 581ms
650 http fetch GET 200 https://registry.npmjs.org/minimatch/-/minimatch-3.1.2.tgz 518ms (cache miss)
651 timing reifyNode:node_modules/minimatch Completed in 582ms
652 http fetch GET 200 https://registry.npmjs.org/safer-buffer/-/safer-buffer-2.1.2.tgz 517ms (cache miss)
653 timing reifyNode:node_modules/safer-buffer Completed in 583ms
654 timing reifyNode:node_modules/body-parser Completed in 582ms
655 http fetch GET 200 https://registry.npmjs.org/destroy/-/destroy-1.2.0.tgz 507ms (cache miss)
656 timing reifyNode:node_modules/destroy Completed in 585ms
657 http fetch GET 200 https://registry.npmjs.org/ms/-/ms-2.1.3.tgz 526ms (cache miss)
658 timing reifyNode:node_modules/send/node_modules/ms Completed in 586ms
659 http fetch GET 200 https://registry.npmjs.org/encodeurl/-/encodeurl-1.0.2.tgz 523ms (cache miss)
660 timing reifyNode:node_modules/encodeurl Completed in 586ms
661 http fetch GET 200 https://registry.npmjs.org/range-parser/-/range-parser-1.2.1.tgz 507ms (cache miss)
662 timing reifyNode:node_modules/range-parser Completed in 589ms
663 http fetch GET 200 https://registry.npmjs.org/pstree.remy/-/pstree.remy-1.1.8.tgz 530ms (cache miss)
664 timing reifyNode:node_modules/pstree.remy Completed in 590ms
665 http fetch GET 200 https://registry.npmjs.org/type-is/-/type-is-1.6.18.tgz 511ms (cache miss)
666 timing reifyNode:node_modules/type-is Completed in 591ms
667 http fetch GET 200 https://registry.npmjs.org/get-intrinsic/-/get-intrinsic-1.2.2.tgz 554ms (cache miss)
668 timing reifyNode:node_modules/get-intrinsic Completed in 593ms
669 http fetch GET 200 https://registry.npmjs.org/depd/-/depd-2.0.0.tgz 532ms (cache miss)
670 timing reifyNode:node_modules/depd Completed in 591ms
671 http fetch GET 200 https://registry.npmjs.org/cookie/-/cookie-0.5.0.tgz 538ms (cache miss)
672 timing reifyNode:node_modules/cookie Completed in 592ms
673 http fetch GET 200 https://registry.npmjs.org/negotiator/-/negotiator-0.6.3.tgz 515ms (cache miss)
674 timing reifyNode:node_modules/negotiator Completed in 593ms
675 http fetch GET 200 https://registry.npmjs.org/statuses/-/statuses-2.0.1.tgz 515ms (cache miss)
676 timing reifyNode:node_modules/statuses Completed in 594ms
677 http fetch GET 200 https://registry.npmjs.org/safe-buffer/-/safe-buffer-5.2.1.tgz 514ms (cache miss)
678 timing reifyNode:node_modules/safe-buffer Completed in 594ms
679 http fetch GET 200 https://registry.npmjs.org/inherits/-/inherits-2.0.4.tgz 521ms (cache miss)
680 timing reifyNode:node_modules/inherits Completed in 596ms
681 http fetch GET 200 https://registry.npmjs.org/setprototypeof/-/setprototypeof-1.2.0.tgz 515ms (cache miss)
682 timing reifyNode:node_modules/setprototypeof Completed in 599ms
683 timing metavuln:cache:put:security-advisory:semver:leVLOBH6L7kijYa3ZPoQW9c9DpHJTQ4x06h9XnsNdXXFEYuoiAk7QDdx6msC9K+vk8daIqdrHHiDZzPezh3uNg== Completed in 180ms
684 timing metavuln:calculate:security-advisory:semver:1095367 Completed in 191ms
685 timing metavuln:packument:simple-update-notifier Completed in 1ms
686 http fetch GET 200 https://registry.npmjs.org/semver/-/semver-5.7.2.tgz 546ms (cache miss)
687 timing reifyNode:node_modules/semver Completed in 601ms
688 timing metavuln:cache:get:security-advisory:simple-update-notifier:tNL5mhMnptgwfeoGj63N7DPalpXIBsn+Dwybr2dlyE8m0pEH4+fHo6dAD+Esc2aVDdMYdw06VNjLyfSYbS4uHg== Completed in 2ms
689 timing metavuln:load:security-advisory:simple-update-notifier:leVLOBH6L7kijYa3ZPoQW9c9DpHJTQ4x06h9XnsNdXXFEYuoiAk7QDdx6msC9K+vk8daIqdrHHiDZzPezh3uNg== Completed in 4ms
690 http fetch GET 200 https://registry.npmjs.org/send/-/send-0.18.0.tgz 523ms (cache miss)
691 timing reifyNode:node_modules/send Completed in 607ms
692 http fetch GET 200 https://registry.npmjs.org/utils-merge/-/utils-merge-1.0.1.tgz 528ms (cache miss)
693 timing reifyNode:node_modules/utils-merge Completed in 608ms
694 http fetch GET 200 https://registry.npmjs.org/proxy-addr/-/proxy-addr-2.0.7.tgz 525ms (cache miss)
695 timing reifyNode:node_modules/proxy-addr Completed in 609ms
696 http fetch GET 200 https://registry.npmjs.org/path-to-regexp/-/path-to-regexp-0.1.7.tgz 524ms (cache miss)
697 timing reifyNode:node_modules/path-to-regexp Completed in 610ms
698 http fetch GET 200 https://registry.npmjs.org/methods/-/methods-1.1.2.tgz 526ms (cache miss)
699 timing reifyNode:node_modules/methods Completed in 611ms
700 http fetch GET 200 https://registry.npmjs.org/merge-descriptors/-/merge-descriptors-1.0.1.tgz 518ms (cache miss)
701 timing reifyNode:node_modules/merge-descriptors Completed in 611ms
702 http fetch GET 200 https://registry.npmjs.org/vary/-/vary-1.1.2.tgz 531ms (cache miss)
703 timing reifyNode:node_modules/vary Completed in 612ms
704 http fetch GET 200 https://registry.npmjs.org/http-errors/-/http-errors-2.0.0.tgz 525ms (cache miss)
705 timing reifyNode:node_modules/http-errors Completed in 613ms
706 http fetch GET 200 https://registry.npmjs.org/on-finished/-/on-finished-2.4.1.tgz 529ms (cache miss)
707 timing reifyNode:node_modules/on-finished Completed in 613ms
708 http fetch GET 200 https://registry.npmjs.org/fresh/-/fresh-0.5.2.tgz 519ms (cache miss)
709 timing reifyNode:node_modules/fresh Completed in 615ms
710 http fetch GET 200 https://registry.npmjs.org/picomatch/-/picomatch-2.3.1.tgz 574ms (cache miss)
711 timing reifyNode:node_modules/picomatch Completed in 617ms
712 http fetch GET 200 https://registry.npmjs.org/mime-db/-/mime-db-1.52.0.tgz 552ms (cache miss)
713 timing reifyNode:node_modules/mime-db Completed in 618ms
714 http fetch GET 200 https://registry.npmjs.org/debug/-/debug-2.6.9.tgz 559ms (cache miss)
715 timing reifyNode:node_modules/debug Completed in 617ms
716 http fetch GET 200 https://registry.npmjs.org/chokidar/-/chokidar-3.5.3.tgz 556ms (cache miss)
717 timing reifyNode:node_modules/chokidar Completed in 621ms
718 http fetch GET 200 https://registry.npmjs.org/debug/-/debug-3.2.7.tgz 535ms (cache miss)
719 timing reifyNode:node_modules/nodemon/node_modules/debug Completed in 620ms
720 timing metavuln:cache:put:security-advisory:simple-update-notifier:tNL5mhMnptgwfeoGj63N7DPalpXIBsn+Dwybr2dlyE8m0pEH4+fHo6dAD+Esc2aVDdMYdw06VNjLyfSYbS4uHg== Completed in 22ms
721 timing metavuln:calculate:security-advisory:simple-update-notifier:leVLOBH6L7kijYa3ZPoQW9c9DpHJTQ4x06h9XnsNdXXFEYuoiAk7QDdx6msC9K+vk8daIqdrHHiDZzPezh3uNg== Completed in 30ms
722 timing metavuln:packument:nodemon Completed in 0ms
723 timing metavuln:cache:get:security-advisory:nodemon:hyZElijtCiIVXNJ38jPMX77vI1RJJqPXzeWyh3lf/jG/7eEkRjvWrFj5wa2iP39pBQ1Tg1Nlx/hldqlUQsTvQw== Completed in 1ms
724 timing metavuln:load:security-advisory:nodemon:tNL5mhMnptgwfeoGj63N7DPalpXIBsn+Dwybr2dlyE8m0pEH4+fHo6dAD+Esc2aVDdMYdw06VNjLyfSYbS4uHg== Completed in 8ms
725 http fetch GET 200 https://registry.npmjs.org/express/-/express-4.18.2.tgz 581ms (cache miss)
726 timing reifyNode:node_modules/express Completed in 641ms
727 timing metavuln:cache:put:security-advisory:nodemon:hyZElijtCiIVXNJ38jPMX77vI1RJJqPXzeWyh3lf/jG/7eEkRjvWrFj5wa2iP39pBQ1Tg1Nlx/hldqlUQsTvQw== Completed in 22ms
728 timing metavuln:calculate:security-advisory:nodemon:tNL5mhMnptgwfeoGj63N7DPalpXIBsn+Dwybr2dlyE8m0pEH4+fHo6dAD+Esc2aVDdMYdw06VNjLyfSYbS4uHg== Completed in 32ms
729 timing auditReport:init Completed in 254ms
730 timing reify:audit Completed in 667ms
731 http fetch GET 200 https://registry.npmjs.org/object-inspect/-/object-inspect-1.13.1.tgz 624ms (cache miss)
732 timing reifyNode:node_modules/object-inspect Completed in 664ms
733 http fetch GET 200 https://registry.npmjs.org/iconv-lite/-/iconv-lite-0.4.24.tgz 590ms (cache miss)
734 timing reifyNode:node_modules/iconv-lite Completed in 666ms
735 http fetch GET 200 https://registry.npmjs.org/qs/-/qs-6.11.0.tgz 586ms (cache miss)
736 timing reifyNode:node_modules/qs Completed in 669ms
737 http fetch GET 200 https://registry.npmjs.org/semver/-/semver-7.0.0.tgz 586ms (cache miss)
738 timing reifyNode:node_modules/simple-update-notifier/node_modules/semver Completed in 672ms
739 http fetch GET 200 https://registry.npmjs.org/nodemon/-/nodemon-2.0.22.tgz 610ms (cache miss)
740 timing reifyNode:node_modules/nodemon Completed in 673ms
741 timing reify:unpack Completed in 676ms
742 timing reify:unretire Completed in 0ms
743 timing build:queue Completed in 2ms
744 timing build:link:node_modules/simple-update-notifier/node_modules/semver Completed in 2ms
745 timing build:link:node_modules/mime Completed in 4ms
746 timing build:link:node_modules/nodemon Completed in 3ms
747 timing build:link:node_modules/touch Completed in 3ms
748 timing build:link:node_modules/semver Completed in 3ms
749 timing build:link:node_modules/nopt Completed in 4ms
750 timing build:link Completed in 5ms
751 timing build:deps Completed in 7ms
752 timing build Completed in 7ms
753 timing reify:build Completed in 7ms
754 timing reify:trash Completed in 1ms
755 timing reify:save Completed in 19ms
756 timing reify Completed in 2105ms
757 silly ADD node_modules/media-typer
758 silly ADD node_modules/abbrev
759 silly ADD node_modules/nopt
760 silly ADD node_modules/is-number
761 silly ADD node_modules/has-flag
762 silly ADD node_modules/has-property-descriptors
763 silly ADD node_modules/gopd
764 silly ADD node_modules/define-data-property
765 silly ADD node_modules/hasown
766 silly ADD node_modules/has-symbols
767 silly ADD node_modules/has-proto
768 silly ADD node_modules/set-function-length
769 silly ADD node_modules/function-bind
770 silly ADD node_modules/object-inspect
771 silly ADD node_modules/get-intrinsic
772 silly ADD node_modules/call-bind
773 silly ADD node_modules/mime
774 silly ADD node_modules/side-channel
775 silly ADD node_modules/ipaddr.js
776 silly ADD node_modules/forwarded
777 silly ADD node_modules/ee-first
778 silly ADD node_modules/concat-map
779 silly ADD node_modules/balanced-match
780 silly ADD node_modules/brace-expansion
781 silly ADD node_modules/is-extglob
782 silly ADD node_modules/binary-extensions
783 silly ADD node_modules/to-regex-range
784 silly ADD node_modules/fill-range
785 silly ADD node_modules/picomatch
786 silly ADD node_modules/readdirp
787 silly ADD node_modules/normalize-path
788 silly ADD node_modules/is-glob
789 silly ADD node_modules/is-binary-path
790 silly ADD node_modules/glob-parent
791 silly ADD
792 silly ADD node_modules/braces
793 silly ADD node_modules/anymatch
794 silly ADD node_modules/undefsafe
795 silly ADD node_modules/touch
796 silly ADD node_modules/supports-color
797 silly ADD node_modules/simple-update-notifier
798 silly ADD node_modules/simple-update-notifier/node_modules/semver
799 silly ADD node_modules/semver
800 silly ADD node_modules/pstree.remy
801 silly ADD node_modules/minimatch
802 silly ADD node_modules/ignore-by-default
803 silly ADD node_modules/chokidar
804 silly ADD node_modules/mime-db
805 silly ADD node_modules/safer-buffer
806 silly ADD node_modules/toidentifier
807 silly ADD node_modules/inherits
808 silly ADD node_modules/ms
809 silly ADD node_modules/unpipe
810 silly ADD node_modules/raw-body
811 silly ADD node_modules/iconv-lite
812 silly ADD node_modules/destroy
813 silly ADD node_modules/bytes
814 silly ADD node_modules/negotiator
815 silly ADD node_modules/mime-types
816 silly ADD node_modules/vary
817 silly ADD node_modules/utils-merge
818 silly ADD node_modules/type-is
819 silly ADD node_modules/statuses
820 silly ADD node_modules/setprototypeof
821 silly ADD node_modules/serve-static
822 silly ADD node_modules/send
823 silly ADD node_modules/send/node_modules/ms
824 silly ADD node_modules/safe-buffer
825 silly ADD node_modules/range-parser
826 silly ADD node_modules/qs
827 silly ADD node_modules/proxy-addr
828 silly ADD node_modules/path-to-regexp
829 silly ADD node_modules/parseurl
830 silly ADD node_modules/on-finished
831 silly ADD node_modules/methods
832 silly ADD node_modules/merge-descriptors
833 silly ADD node_modules/http-errors
834 silly ADD node_modules/fresh
835 silly ADD node_modules/finalhandler
836 silly ADD node_modules/etag
837 silly ADD node_modules/escape-html
838 silly ADD node_modules/encodeurl
839 silly ADD node_modules/depd
840 silly ADD node_modules/debug
841 silly ADD node_modules/cookie-signature
842 silly ADD node_modules/cookie
843 silly ADD node_modules/content-type
844 silly ADD node_modules/content-disposition
845 silly ADD node_modules/body-parser
846 silly ADD node_modules/array-flatten
847 silly ADD node_modules/accepts
848 silly ADD node_modules/nodemon
849 silly ADD node_modules/nodemon/node_modules/ms
850 silly ADD node_modules/nodemon/node_modules/debug
851 silly ADD node_modules/express
852 timing command:install Completed in 2124ms
853 notice
853 notice New minor version of npm available! 10.2.4 -> 10.3.0
853 notice Changelog: <https://github.com/npm/cli/releases/tag/v10.3.0>
853 notice Run `npm install -g npm@10.3.0` to update!
853 notice
854 verbose exit 0
855 timing npm Completed in 2241ms
856 info ok
